<?xml version="1.0" encoding="UTF-8"?>
<testng-results ignored="0" total="1" passed="1" failed="0" skipped="0">
  <reporter-output>
    <line>
      <![CDATA[Google]]>
    </line>
  </reporter-output>
  <suite started-at="2022-05-04T23:27:01 IST" name="Suite" finished-at="2022-05-04T23:27:10 IST" duration-ms="8415">
    <groups>
    </groups>
    <test started-at="2022-05-04T23:27:01 IST" name="Test" finished-at="2022-05-04T23:27:10 IST" duration-ms="8415">
      <class name="script.Demo1">
        <test-method is-config="true" signature="openApp()[pri:0, instance:script.Demo1@3f197a46]" started-at="2022-05-04T23:27:01 IST" name="openApp" finished-at="2022-05-04T23:27:09 IST" duration-ms="7684" status="PASS">
          <reporter-output>
          </reporter-output>
        </test-method> <!-- openApp -->
        <test-method signature="test1()[pri:0, instance:script.Demo1@3f197a46]" started-at="2022-05-04T23:27:09 IST" name="test1" finished-at="2022-05-04T23:27:09 IST" duration-ms="88" status="PASS">
          <reporter-output>
            <line>
              <![CDATA[Google]]>
            </line>
          </reporter-output>
        </test-method> <!-- test1 -->
        <test-method is-config="true" signature="closeApp()[pri:0, instance:script.Demo1@3f197a46]" started-at="2022-05-04T23:27:09 IST" name="closeApp" finished-at="2022-05-04T23:27:10 IST" duration-ms="559" status="PASS">
          <reporter-output>
          </reporter-output>
        </test-method> <!-- closeApp -->
      </class> <!-- script.Demo1 -->
    </test> <!-- Test -->
  </suite> <!-- Suite -->
</testng-results>
